<?xml version="1.0" encoding="UTF-8"?>
<!-- Generated by org.testng.reporters.JUnitReportReporter -->
<testsuite hostname="devb3maclap" failures="0" tests="1" name="com.qa.devblab.AppTest" time="0.005" errors="0" timestamp="2023-10-27T13:13:10 CDT" skipped="0">
  <testcase classname="com.qa.devblab.AppTest" name="shouldAnswerWithTrue" time="0.005"/>
</testsuite> <!-- com.qa.devblab.AppTest -->
